<# : batch portion
@REM ----------------------------------------------------------------------------
@REM Licensed to the Apache Software Foundation (ASF) under one
@REM or more contributor license agreements.  See the NOTICE file
@REM distributed with this work for additional information
@REM regarding copyright ownership.  The ASF licenses this file
@REM to you under the Apache License, Version 2.0 (the
@REM "License"); you may not use this file except in compliance
@REM with the License.  You may obtain a copy of the License at
@REM
@REM    http://www.apache.org/licenses/LICENSE-2.0
@REM
@REM Unless required by applicable law or agreed to in writing,
@REM software distributed under the License is distributed on an
@REM "AS IS" BASIS, WITHOUT WARRANTIES OR CONDITIONS OF ANY
@REM KIND, either express or implied.  See the License for the
@REM specific language governing permissions and limitations
@REM under the License.
@REM ----------------------------------------------------------------------------

@REM ----------------------------------------------------------------------------
@REM Apache Maven Wrapper startup batch script, version 3.3.2
@REM
@REM Optional ENV vars
@REM   MVNW_REPOURL - repo url base for downloading maven distribution
@REM   MVNW_USERNAME/MVNW_PASSWORD - user and password for downloading maven
@REM   MVNW_VERBOSE - true: enable verbose log; others: silence the output
@REM ----------------------------------------------------------------------------

@IF "%__MVNW_ARG0_NAME__%"=="" (SET __MVNW_ARG0_NAME__=%~nx0)
@SET __MVNW_CMD__=
@SET __MVNW_ERROR__=
@SET __MVNW_PSMODULEP_SAVE=%PSModulePath%
@SET PSModulePath=
@FOR /F "usebackq tokens=1* delims==" %%A IN (`powershell -noprofile "& {$scriptDir='%~dp0'; $script='%__MVNW_ARG0_NAME__%'; icm -ScriptBlock ([Scriptblock]::Create((Get-Content -Raw '%~f0'))) -NoNewScope}"`) DO @(
  IF "%%A"=="MVN_CMD" (set __MVNW_CMD__=%%B) ELSE IF "%%B"=="" (echo %%A) ELSE (echo %%A=%%B)
)
@SET PSModulePath=%__MVNW_PSMODULEP_SAVE%
@SET __MVNW_PSMODULEP_SAVE=
@SET __MVNW_ARG0_NAME__=
@SET MVNW_USERNAME=
@SET MVNW_PASSWORD=
@IF NOT "%__MVNW_CMD__%"=="" (%__MVNW_CMD__% %*)
@echo Cannot start maven from wrapper >&2 && exit /b 1
@GOTO :EOF
: end batch / begin powershell #>

$ErrorActionPreference = "Stop"
if ($env:MVNW_VERBOSE -eq "true") {
  $VerbosePreference = "Continue"
}

# calculate distributionUrl, requires .mvn/wrapper/maven-wrapper.properties
$distributionUrl = (Get-Content -Raw "$scriptDir/.mvn/wrapper/maven-wrapper.properties" | ConvertFrom-StringData).distributionUrl
if (!$distributionUrl) {
  Write-Error "cannot read distributionUrl property in $scriptDir/.mvn/wrapper/maven-wrapper.properties"
}

switch -wildcard -casesensitive ( $($distributionUrl -replace '^.*/','') ) {
  "maven-mvnd-*" {
    $USE_MVND = $true
    $distributionUrl = $distributionUrl -replace '-bin\.[^.]*$',"-windows-amd64.zip"
    $MVN_CMD = "mvnd.cmd"
    break
  }
  default {
    $USE_MVND = $false
    $MVN_CMD = $script -replace '^mvnw','mvn'
    break
  }
}

# apply MVNW_REPOURL and calculate MAVEN_HOME
# maven home pattern: ~/.m2/wrapper/dists/{apache-maven-<version>,maven-mvnd-<version>-<platform>}/<hash>
if ($env:MVNW_REPOURL) {
  $MVNW_REPO_PATTERN = if ($USE_MVND) { "/org/apache/maven/" } else { "/maven/mvnd/" }
  $distributionUrl = "$env:MVNW_REPOURL$MVNW_REPO_PATTERN$($distributionUrl -replace '^.*'+$MVNW_REPO_PATTERN,'')"
}
$distributionUrlName = $distributionUrl -replace '^.*/',''
$distributionUrlNameMain = $distributionUrlName -replace '\.[^.]*$','' -replace '-bin$',''
$MAVEN_HOME_PARENT = "$HOME/.m2/wrapper/dists/$distributionUrlNameMain"
if ($env:MAVEN_USER_HOME) {
  $MAVEN_HOME_PARENT = "$env:MAVEN_USER_HOME/wrapper/dists/$distributionUrlNameMain"
}
$MAVEN_HOME_NAME = ([System.Security.Cryptography.MD5]::Create().ComputeHash([byte[]][char[]]$distributionUrl) | ForEach-Object {$_.ToString("x2")}) -join ''
$MAVEN_HOME = "$MAVEN_HOME_PARENT/$MAVEN_HOME_NAME"

if (Test-Path -Path "$MAVEN_HOME" -PathType Container) {
  Write-Verbose "found existing MAVEN_HOME at $MAVEN_HOME"
  Write-Output "MVN_CMD=$MAVEN_HOME/bin/$MVN_CMD"
  exit $?
}

if (! $distributionUrlNameMain -or ($distributionUrlName -eq $distributionUrlNameMain)) {
  Write-Error "distributionUrl is not valid, must end with *-bin.zip, but found $distributionUrl"
}

# prepare tmp dir
$TMP_DOWNLOAD_DIR_HOLDER = New-TemporaryFile
$TMP_DOWNLOAD_DIR = New-Item -Itemtype Directory -Path "$TMP_DOWNLOAD_DIR_HOLDER.dir"
$TMP_DOWNLOAD_DIR_HOLDER.Delete() | Out-Null
trap {
  if ($TMP_DOWNLOAD_DIR.Exists) {
    try { Remove-Item $TMP_DOWNLOAD_DIR -Recurse -Force | Out-Null }
    catch { Write-Warning "Cannot remove $TMP_DOWNLOAD_DIR" }
  }
}

New-Item -Itemtype Directory -Path "$MAVEN_HOME_PARENT" -Force | Out-Null

# Download and Install Apache Maven
Write-Verbose "Couldn't find MAVEN_HOME, downloading and installing it ..."
Write-Verbose "Downloading from: $distributionUrl"
Write-Verbose "Downloading to: $TMP_DOWNLOAD_DIR/$distributionUrlName"

$webclient = New-Object System.Net.WebClient
if ($env:MVNW_USERNAME -and $env:MVNW_PASSWORD) {
  $webclient.Credentials = New-Object System.Net.NetworkCredential($env:MVNW_USERNAME, $env:MVNW_PASSWORD)
}
[Net.ServicePointManager]::SecurityProtocol = [Net.SecurityProtocolType]::Tls12
$webclient.DownloadFile($distributionUrl, "$TMP_DOWNLOAD_DIR/$distributionUrlName") | Out-Null

# If specified, validate the SHA-256 sum of the Maven distribution zip file
$distributionSha256Sum = (Get-Content -Raw "$scriptDir/.mvn/wrapper/maven-wrapper.properties" | ConvertFrom-StringData).distributionSha256Sum
if ($distributionSha256Sum) {
  if ($USE_MVND) {
    Write-Error "Checksum validation is not supported for maven-mvnd. `nPlease disable validation by removing 'distributionSha256Sum' from your maven-wrapper.properties."
  }
  Import-Module $PSHOME\Modules\Microsoft.PowerShell.Utility -Function Get-FileHash
  if ((Get-FileHash "$TMP_DOWNLOAD_DIR/$distributionUrlName" -Algorithm SHA256).Hash.ToLower() -ne $distributionSha256Sum) {
    Write-Error "Error: Failed to validate Maven distribution SHA-256, your Maven distribution might be compromised. If you updated your Maven version, you need to update the specified distributionSha256Sum property."
  }
}

# unzip and move
Expand-Archive "$TMP_DOWNLOAD_DIR/$distributionUrlName" -DestinationPath "$TMP_DOWNLOAD_DIR" | Out-Null
Rename-Item -Path "$TMP_DOWNLOAD_DIR/$distributionUrlNameMain" -NewName $MAVEN_HOME_NAME | Out-Null
try {
  Move-Item -Path "$TMP_DOWNLOAD_DIR/$MAVEN_HOME_NAME" -Destination $MAVEN_HOME_PARENT | Out-Null
} catch {
  if (! (Test-Path -Path "$MAVEN_HOME" -PathType Container)) {
    Write-Error "fail to move MAVEN_HOME"
  }
} finally {
  try { Remove-Item $TMP_DOWNLOAD_DIR -Recurse -Force | Out-Null }
  catch { Write-Warning "Cannot remove $TMP_DOWNLOAD_DIR" }
}

Write-Output "MVN_CMD=$MAVEN_HOME/bin/$MVN_CMD"
2025-03-17 13:49:16 [main] INFO  c.e.A.AddressBookApplication - Starting AddressBookApplication using Java 18.0.2 with PID 9220 (C:\Users\91705\IdeaProjects\AddressBookApp\target\classes started by 91705 in C:\Users\91705\IdeaProjects\AddressBookApp)
2025-03-17 13:49:16 [main] DEBUG c.e.A.AddressBookApplication - Running with Spring Boot v3.4.3, Spring v6.2.3
2025-03-17 13:49:16 [main] INFO  c.e.A.AddressBookApplication - The following 1 profile is active: "dev"
2025-03-17 13:49:17 [main] INFO  o.s.d.r.c.RepositoryConfigurationDelegate - Bootstrapping Spring Data JPA repositories in DEFAULT mode.
2025-03-17 13:49:17 [main] INFO  o.s.d.r.c.RepositoryConfigurationDelegate - Finished Spring Data repository scanning in 50 ms. Found 2 JPA repository interfaces.
2025-03-17 13:49:17 [main] INFO  o.s.b.w.e.tomcat.TomcatWebServer - Tomcat initialized with port 8080 (http)
2025-03-17 13:49:17 [main] INFO  o.a.catalina.core.StandardService - Starting service [Tomcat]
2025-03-17 13:49:17 [main] INFO  o.a.catalina.core.StandardEngine - Starting Servlet engine: [Apache Tomcat/10.1.36]
2025-03-17 13:49:18 [main] INFO  o.a.c.c.C.[Tomcat].[localhost].[/] - Initializing Spring embedded WebApplicationContext
2025-03-17 13:49:18 [main] INFO  o.s.b.w.s.c.ServletWebServerApplicationContext - Root WebApplicationContext: initialization completed in 1532 ms
2025-03-17 13:49:18 [main] INFO  o.h.jpa.internal.util.LogHelper - HHH000204: Processing PersistenceUnitInfo [name: default]
2025-03-17 13:49:18 [main] INFO  org.hibernate.Version - HHH000412: Hibernate ORM core version 6.6.8.Final
2025-03-17 13:49:18 [main] INFO  o.h.c.i.RegionFactoryInitiator - HHH000026: Second-level cache disabled
2025-03-17 13:49:18 [main] INFO  o.s.o.j.p.SpringPersistenceUnitInfo - No LoadTimeWeaver setup: ignoring JPA class transformer
2025-03-17 13:49:18 [main] INFO  com.zaxxer.hikari.HikariDataSource - HikariPool-1 - Starting...
2025-03-17 13:49:18 [main] INFO  com.zaxxer.hikari.pool.HikariPool - HikariPool-1 - Added connection com.mysql.cj.jdbc.ConnectionImpl@31b6fb14
2025-03-17 13:49:18 [main] INFO  com.zaxxer.hikari.HikariDataSource - HikariPool-1 - Start completed.
2025-03-17 13:49:18 [main] WARN  org.hibernate.orm.deprecation - HHH90000025: MySQL8Dialect does not need to be specified explicitly using 'hibernate.dialect' (remove the property setting and it will be selected by default)
2025-03-17 13:49:18 [main] WARN  org.hibernate.orm.deprecation - HHH90000026: MySQL8Dialect has been deprecated; use org.hibernate.dialect.MySQLDialect instead
2025-03-17 13:49:18 [main] INFO  o.hibernate.orm.connections.pooling - HHH10001005: Database info:
	Database JDBC URL [Connecting through datasource 'HikariDataSource (HikariPool-1)']
	Database driver: undefined/unknown
	Database version: 8.0
	Autocommit mode: undefined/unknown
	Isolation level: undefined/unknown
	Minimum pool size: undefined/unknown
	Maximum pool size: undefined/unknown
2025-03-17 13:49:19 [main] INFO  o.h.e.t.j.p.i.JtaPlatformInitiator - HHH000489: No JTA platform available (set 'hibernate.transaction.jta.platform' to enable JTA platform integration)
2025-03-17 13:49:19 [main] INFO  o.s.o.j.LocalContainerEntityManagerFactoryBean - Initialized JPA EntityManagerFactory for persistence unit 'default'
2025-03-17 13:49:20 [main] WARN  o.s.b.a.o.j.JpaBaseConfiguration$JpaWebConfiguration - spring.jpa.open-in-view is enabled by default. Therefore, database queries may be performed during view rendering. Explicitly configure spring.jpa.open-in-view to disable this warning
2025-03-17 13:49:20 [main] WARN  o.s.b.a.s.s.UserDetailsServiceAutoConfiguration - 

Using generated security password: 64c98484-e232-47a9-8147-3bfe045661db

This generated password is for development use only. Your security configuration must be updated before running your application in production.

2025-03-17 13:49:20 [main] INFO  o.s.s.c.a.a.c.InitializeUserDetailsBeanManagerConfigurer$InitializeUserDetailsManagerConfigurer - Global AuthenticationManager configured with UserDetailsService bean with name inMemoryUserDetailsManager
2025-03-17 13:49:20 [main] INFO  o.s.b.w.e.tomcat.TomcatWebServer - Tomcat started on port 8080 (http) with context path '/'
2025-03-17 13:49:20 [main] INFO  c.e.A.AddressBookApplication - Started AddressBookApplication in 5.055 seconds (process running for 5.576)
2025-03-17 13:49:42 [http-nio-8080-exec-1] INFO  o.a.c.c.C.[Tomcat].[localhost].[/] - Initializing Spring DispatcherServlet 'dispatcherServlet'
2025-03-17 13:49:42 [http-nio-8080-exec-1] INFO  o.s.web.servlet.DispatcherServlet - Initializing Servlet 'dispatcherServlet'
2025-03-17 13:49:42 [http-nio-8080-exec-1] INFO  o.s.web.servlet.DispatcherServlet - Completed initialization in 1 ms
2025-03-17 13:49:44 [http-nio-8080-exec-9] INFO  o.s.api.AbstractOpenApiResource - Init duration for springdoc-openapi is: 329 ms
2025-03-17 13:51:00 [http-nio-8080-exec-4] INFO  c.e.A.controllers.UserController - Employee applied for forgot password with email: dhruv@gmail.com
2025-03-17 13:52:28 [http-nio-8080-exec-8] INFO  c.e.A.controllers.UserController - Employee tried to register with body: {"firstName":"Dhruv","lastName":"Agarwal","email":"dhruv9837758333@gmail.com","password":"Dhruv@gmail.com","id":0}
2025-03-17 13:52:28 [http-nio-8080-exec-8] INFO  c.e.A.services.AuthenticationService - User saved in database : {"firstName":"Dhruv","lastName":"Agarwal","email":"dhruv9837758333@gmail.com","password":"Dhruv@gmail.com","hashPass":"$2a$10$Gq4aHJq8CyoGJVOMbYvx/uEUNbdewyxUgi8OcTMtUCHyO47cZlpDK","token":"","id":1}
2025-03-17 13:53:28 [http-nio-8080-exec-7] INFO  c.e.A.controllers.UserController - Employee tried to login with body: {"email":"dhruv9837758333@gmail.com","password":"Dhruv@gmail.com"}
2025-03-17 13:53:28 [http-nio-8080-exec-7] INFO  c.e.A.services.AuthenticationService - User logged in with email dhruv9837758333@gmail.com
2025-03-17 13:53:33 [http-nio-8080-exec-9] INFO  c.e.A.controllers.UserController - Employee tried to login with body: {"email":"dhruv9837758333@gmail.com","password":"Dhruv@gmail.com"}
2025-03-17 13:53:33 [http-nio-8080-exec-9] INFO  c.e.A.services.AuthenticationService - User logged in with email dhruv9837758333@gmail.com
2025-03-17 14:13:52 [SpringApplicationShutdownHook] INFO  o.s.b.w.e.tomcat.GracefulShutdown - Commencing graceful shutdown. Waiting for active requests to complete
2025-03-17 14:13:53 [tomcat-shutdown] INFO  o.s.b.w.e.tomcat.GracefulShutdown - Graceful shutdown complete
2025-03-17 14:13:53 [SpringApplicationShutdownHook] INFO  o.s.o.j.LocalContainerEntityManagerFactoryBean - Closing JPA EntityManagerFactory for persistence unit 'default'
2025-03-17 14:13:53 [SpringApplicationShutdownHook] INFO  com.zaxxer.hikari.HikariDataSource - HikariPool-1 - Shutdown initiated...
2025-03-17 14:13:53 [SpringApplicationShutdownHook] INFO  com.zaxxer.hikari.HikariDataSource - HikariPool-1 - Shutdown completed.
